{"name": "PikachuTest", "abilities": ["Powerfull"]}
{"name": "PikachuTest", "abilities": ["Powerfull"]}
{"name": "PikachuTest", "abilities": ["Powerfull"]}
{"name": "PikachuTest2", "abilities": ["Powerfull"]}
{"name": "PikachuTest", "abilities": ["Powerfull"]}
{"name": "PikachuTest2", "abilities": ["Powerfull"]}
{"name": "PikachuTest", "abilities": ["Powerfull"]}
{"name": "PikachuTest2", "abilities": ["Powerfull"]}
{"name": "aromatisse", "abilities": ["healer", "aroma-veil"]}
{"name": "mudkip", "abilities": ["torrent", "damp"]}
{"name": "zubat", "abilities": ["inner-focus", "infiltrator"]}
{"name": "hypno", "abilities": ["insomnia", "forewarn", "inner-focus"]}
{"name": "PikachuTest2", "abilities": ["Powerfull"]}
{"name": "PikachuTest", "abilities": ["Powerfull"]}
{"name": "PikachuTest2", "abilities": ["Powerfull"]}
{"name": "PikachuTest", "abilities": ["Powerfull"]}
{"name": "sudowoodo", "abilities": ["sturdy", "rock-head", "rattled"]}
{"name": "PikachuTest2", "abilities": ["Powerfull"]}
{"name": "PikachuTest", "abilities": ["Powerfull"]}
{"name": "linoone", "abilities": ["pickup", "gluttony", "quick-feet"]}
{"name": "PikachuTest2", "abilities": ["Powerfull"]}
{"name": "PikachuTest", "abilities": ["Powerfull"]}
{"name": "PikachuTest2", "abilities": ["Powerfull"]}
{"name": "PikachuTest", "abilities": ["Powerfull"]}
{"name": "sobble", "abilities": ["torrent", "sniper"]}
{"name": "PikachuTest2", "abilities": ["Powerfull"]}
{"name": "PikachuTest", "abilities": ["Powerfull"]}
{"name": "swadloon", "abilities": ["leaf-guard", "chlorophyll", "overcoat"]}
{"name": "PikachuTest2", "abilities": ["Powerfull"]}
{"name": "PikachuTest", "abilities": ["Powerfull"]}
{"name": "mothim", "abilities": ["swarm", "tinted-lens"]}
{"name": "PikachuTest2", "abilities": ["Powerfull"]}
{"name": "PikachuTest", "abilities": ["Powerfull"]}
{"name": "PikachuTest2", "abilities": ["Powerfull"]}
{"name": "PikachuTest", "abilities": ["Powerfull"]}
{"name": "PikachuTest2", "abilities": ["Powerfull"]}
{"name": "PikachuTest2", "abilities": ["Powerfull"]}
{"name": "PikachuTest", "abilities": ["Powerfull"]}
{"name": "machamp", "abilities": ["guts", "no-guard", "steadfast"]}
{"name": "PikachuTest2", "abilities": ["Powerfull"]}
{"name": "PikachuTest2", "abilities": ["Powerfull"]}
{"name": "PikachuTest", "abilities": ["Powerfull"]}
{"name": "PikachuTest2", "abilities": ["Powerfull"]}
{"name": "PikachuTest", "abilities": ["Powerfull"]}
{"name": "mr-rime", "abilities": ["tangled-feet", "screen-cleaner", "ice-body"]}
{"name": "PikachuTest2", "abilities": ["Powerfull"]}
{"name": "tangela", "abilities": ["chlorophyll", "leaf-guard", "regenerator"]}
{"name": "roserade", "abilities": ["natural-cure", "poison-point", "technician"]}
{"name": "grimmsnarl", "abilities": ["prankster", "frisk", "pickpocket"]}
{"name": "morpeko-full-belly", "abilities": ["hunger-switch"]}
{"name": "umbreon", "abilities": ["synchronize", "inner-focus"]}
{"name": "noibat", "abilities": ["frisk", "infiltrator", "telepathy"]}
